<?xml version="1.0" encoding="UTF-8"?>
<testng-results skipped="0" failed="0" ignored="0" total="20" passed="20">
  <reporter-output>
  </reporter-output>
  <suite name="book-flight-module" duration-ms="53904" started-at="2021-02-21T09:25:03 GMT" finished-at="2021-02-21T09:25:57 GMT">
    <groups>
    </groups>
    <test name="book-flight-4" duration-ms="15487" started-at="2021-02-21T09:25:03 GMT" finished-at="2021-02-21T09:25:18 GMT">
      <class name="com.newtour.tests.BookFlightsTest">
        <test-method status="PASS" signature="launchBrowser()[pri:0, instance:com.newtour.tests.BookFlightsTest@f6c48ac]" name="launchBrowser" is-config="true" duration-ms="3659" started-at="2021-02-21T09:25:03 GMT" finished-at="2021-02-21T09:25:07 GMT">
          <reporter-output>
          </reporter-output>
        </test-method> <!-- launchBrowser -->
        <test-method status="PASS" signature="setupParameters(java.lang.String, java.lang.String)[pri:0, instance:com.newtour.tests.BookFlightsTest@f6c48ac]" name="setupParameters" is-config="true" duration-ms="5" started-at="2021-02-21T09:25:07 GMT" depends-on-methods="tests.BaseTest.launchBrowser" finished-at="2021-02-21T09:25:07 GMT">
          <params>
            <param index="0">
              <value>
                <![CDATA[4]]>
              </value>
            </param>
            <param index="1">
              <value>
                <![CDATA[$2338 USD]]>
              </value>
            </param>
          </params>
          <reporter-output>
          </reporter-output>
        </test-method> <!-- setupParameters -->
        <test-method status="PASS" signature="registrationPageTest(java.lang.String, java.lang.String)[pri:0, instance:com.newtour.tests.BookFlightsTest@f6c48ac]" name="registrationPageTest" duration-ms="8191" started-at="2021-02-21T09:25:07 GMT" data-provider="dp_registration" finished-at="2021-02-21T09:25:15 GMT">
          <params>
            <param index="0">
              <value>
                <![CDATA[Registration parameters in main test]]>
              </value>
            </param>
            <param index="1">
              <value>
                <![CDATA[{"country":"INDIA","user_info":{"password":"password","user_name":"user_name"},"contactinfo":{"firstname":"vishnu","phone_number":"8074839733","email":"vishnu26121993@gmail.com","lastname":"vardhan"},"mail_info":{"pincode":"pincode","address":"address","city":"city","state":"state"}}]]>
              </value>
            </param>
          </params>
          <reporter-output>
          </reporter-output>
        </test-method> <!-- registrationPageTest -->
        <test-method status="PASS" signature="registrationConfirmationPageTest()[pri:0, instance:com.newtour.tests.BookFlightsTest@f6c48ac]" name="registrationConfirmationPageTest" duration-ms="182" started-at="2021-02-21T09:25:15 GMT" depends-on-methods="com.newtour.tests.BookFlightsTest.registrationPageTest" finished-at="2021-02-21T09:25:15 GMT">
          <reporter-output>
          </reporter-output>
        </test-method> <!-- registrationConfirmationPageTest -->
        <test-method status="PASS" signature="flightsDetailsPageTest()[pri:0, instance:com.newtour.tests.BookFlightsTest@f6c48ac]" name="flightsDetailsPageTest" duration-ms="1755" started-at="2021-02-21T09:25:15 GMT" depends-on-methods="com.newtour.tests.BookFlightsTest.registrationConfirmationPageTest" finished-at="2021-02-21T09:25:17 GMT">
          <reporter-output>
          </reporter-output>
        </test-method> <!-- flightsDetailsPageTest -->
        <test-method status="PASS" signature="findFlightsPageTest()[pri:0, instance:com.newtour.tests.BookFlightsTest@f6c48ac]" name="findFlightsPageTest" duration-ms="589" started-at="2021-02-21T09:25:17 GMT" depends-on-methods="com.newtour.tests.BookFlightsTest.flightsDetailsPageTest" finished-at="2021-02-21T09:25:17 GMT">
          <reporter-output>
          </reporter-output>
        </test-method> <!-- findFlightsPageTest -->
        <test-method status="PASS" signature="printConformationPageTest()[pri:0, instance:com.newtour.tests.BookFlightsTest@f6c48ac]" name="printConformationPageTest" duration-ms="384" started-at="2021-02-21T09:25:17 GMT" depends-on-methods="com.newtour.tests.BookFlightsTest.findFlightsPageTest" finished-at="2021-02-21T09:25:18 GMT">
          <reporter-output>
          </reporter-output>
        </test-method> <!-- printConformationPageTest -->
        <test-method status="PASS" signature="quitBrowser()[pri:0, instance:com.newtour.tests.BookFlightsTest@f6c48ac]" name="quitBrowser" is-config="true" duration-ms="672" started-at="2021-02-21T09:25:18 GMT" finished-at="2021-02-21T09:25:18 GMT">
          <reporter-output>
          </reporter-output>
        </test-method> <!-- quitBrowser -->
      </class> <!-- com.newtour.tests.BookFlightsTest -->
    </test> <!-- book-flight-4 -->
    <test name="book-flight-3" duration-ms="27884" started-at="2021-02-21T09:25:03 GMT" finished-at="2021-02-21T09:25:31 GMT">
      <class name="com.newtour.tests.BookFlightsTest">
        <test-method status="PASS" signature="launchBrowser()[pri:0, instance:com.newtour.tests.BookFlightsTest@1a968a59]" name="launchBrowser" is-config="true" duration-ms="18198" started-at="2021-02-21T09:25:03 GMT" finished-at="2021-02-21T09:25:21 GMT">
          <reporter-output>
          </reporter-output>
        </test-method> <!-- launchBrowser -->
        <test-method status="PASS" signature="setupParameters(java.lang.String, java.lang.String)[pri:0, instance:com.newtour.tests.BookFlightsTest@1a968a59]" name="setupParameters" is-config="true" duration-ms="1" started-at="2021-02-21T09:25:21 GMT" depends-on-methods="tests.BaseTest.launchBrowser" finished-at="2021-02-21T09:25:21 GMT">
          <params>
            <param index="0">
              <value>
                <![CDATA[3]]>
              </value>
            </param>
            <param index="1">
              <value>
                <![CDATA[$1753 USD]]>
              </value>
            </param>
          </params>
          <reporter-output>
          </reporter-output>
        </test-method> <!-- setupParameters -->
        <test-method status="PASS" signature="registrationPageTest(java.lang.String, java.lang.String)[pri:0, instance:com.newtour.tests.BookFlightsTest@1a968a59]" name="registrationPageTest" duration-ms="6204" started-at="2021-02-21T09:25:21 GMT" data-provider="dp_registration" finished-at="2021-02-21T09:25:27 GMT">
          <params>
            <param index="0">
              <value>
                <![CDATA[Registration parameters in main test]]>
              </value>
            </param>
            <param index="1">
              <value>
                <![CDATA[{"country":"INDIA","user_info":{"password":"password","user_name":"user_name"},"contactinfo":{"firstname":"vishnu","phone_number":"8074839733","email":"vishnu26121993@gmail.com","lastname":"vardhan"},"mail_info":{"pincode":"pincode","address":"address","city":"city","state":"state"}}]]>
              </value>
            </param>
          </params>
          <reporter-output>
          </reporter-output>
        </test-method> <!-- registrationPageTest -->
        <test-method status="PASS" signature="registrationConfirmationPageTest()[pri:0, instance:com.newtour.tests.BookFlightsTest@1a968a59]" name="registrationConfirmationPageTest" duration-ms="107" started-at="2021-02-21T09:25:27 GMT" depends-on-methods="com.newtour.tests.BookFlightsTest.registrationPageTest" finished-at="2021-02-21T09:25:28 GMT">
          <reporter-output>
          </reporter-output>
        </test-method> <!-- registrationConfirmationPageTest -->
        <test-method status="PASS" signature="flightsDetailsPageTest()[pri:0, instance:com.newtour.tests.BookFlightsTest@1a968a59]" name="flightsDetailsPageTest" duration-ms="1726" started-at="2021-02-21T09:25:28 GMT" depends-on-methods="com.newtour.tests.BookFlightsTest.registrationConfirmationPageTest" finished-at="2021-02-21T09:25:29 GMT">
          <reporter-output>
          </reporter-output>
        </test-method> <!-- flightsDetailsPageTest -->
        <test-method status="PASS" signature="findFlightsPageTest()[pri:0, instance:com.newtour.tests.BookFlightsTest@1a968a59]" name="findFlightsPageTest" duration-ms="566" started-at="2021-02-21T09:25:29 GMT" depends-on-methods="com.newtour.tests.BookFlightsTest.flightsDetailsPageTest" finished-at="2021-02-21T09:25:30 GMT">
          <reporter-output>
          </reporter-output>
        </test-method> <!-- findFlightsPageTest -->
        <test-method status="PASS" signature="printConformationPageTest()[pri:0, instance:com.newtour.tests.BookFlightsTest@1a968a59]" name="printConformationPageTest" duration-ms="434" started-at="2021-02-21T09:25:30 GMT" depends-on-methods="com.newtour.tests.BookFlightsTest.findFlightsPageTest" finished-at="2021-02-21T09:25:30 GMT">
          <reporter-output>
          </reporter-output>
        </test-method> <!-- printConformationPageTest -->
        <test-method status="PASS" signature="quitBrowser()[pri:0, instance:com.newtour.tests.BookFlightsTest@1a968a59]" name="quitBrowser" is-config="true" duration-ms="643" started-at="2021-02-21T09:25:30 GMT" finished-at="2021-02-21T09:25:31 GMT">
          <reporter-output>
          </reporter-output>
        </test-method> <!-- quitBrowser -->
      </class> <!-- com.newtour.tests.BookFlightsTest -->
    </test> <!-- book-flight-3 -->
    <test name="book-flight-1" duration-ms="41581" started-at="2021-02-21T09:25:03 GMT" finished-at="2021-02-21T09:25:45 GMT">
      <class name="com.newtour.tests.BookFlightsTest">
        <test-method status="PASS" signature="launchBrowser()[pri:0, instance:com.newtour.tests.BookFlightsTest@4b9e13df]" name="launchBrowser" is-config="true" duration-ms="30876" started-at="2021-02-21T09:25:03 GMT" finished-at="2021-02-21T09:25:34 GMT">
          <reporter-output>
          </reporter-output>
        </test-method> <!-- launchBrowser -->
        <test-method status="PASS" signature="setupParameters(java.lang.String, java.lang.String)[pri:0, instance:com.newtour.tests.BookFlightsTest@4b9e13df]" name="setupParameters" is-config="true" duration-ms="1" started-at="2021-02-21T09:25:34 GMT" depends-on-methods="tests.BaseTest.launchBrowser" finished-at="2021-02-21T09:25:34 GMT">
          <params>
            <param index="0">
              <value>
                <![CDATA[1]]>
              </value>
            </param>
            <param index="1">
              <value>
                <![CDATA[$584 USD]]>
              </value>
            </param>
          </params>
          <reporter-output>
          </reporter-output>
        </test-method> <!-- setupParameters -->
        <test-method status="PASS" signature="registrationPageTest(java.lang.String, java.lang.String)[pri:0, instance:com.newtour.tests.BookFlightsTest@4b9e13df]" name="registrationPageTest" duration-ms="7277" started-at="2021-02-21T09:25:34 GMT" data-provider="dp_registration" finished-at="2021-02-21T09:25:41 GMT">
          <params>
            <param index="0">
              <value>
                <![CDATA[Registration parameters in main test]]>
              </value>
            </param>
            <param index="1">
              <value>
                <![CDATA[{"country":"INDIA","user_info":{"password":"password","user_name":"user_name"},"contactinfo":{"firstname":"vishnu","phone_number":"8074839733","email":"vishnu26121993@gmail.com","lastname":"vardhan"},"mail_info":{"pincode":"pincode","address":"address","city":"city","state":"state"}}]]>
              </value>
            </param>
          </params>
          <reporter-output>
          </reporter-output>
        </test-method> <!-- registrationPageTest -->
        <test-method status="PASS" signature="registrationConfirmationPageTest()[pri:0, instance:com.newtour.tests.BookFlightsTest@4b9e13df]" name="registrationConfirmationPageTest" duration-ms="90" started-at="2021-02-21T09:25:41 GMT" depends-on-methods="com.newtour.tests.BookFlightsTest.registrationPageTest" finished-at="2021-02-21T09:25:41 GMT">
          <reporter-output>
          </reporter-output>
        </test-method> <!-- registrationConfirmationPageTest -->
        <test-method status="PASS" signature="flightsDetailsPageTest()[pri:0, instance:com.newtour.tests.BookFlightsTest@4b9e13df]" name="flightsDetailsPageTest" duration-ms="1529" started-at="2021-02-21T09:25:41 GMT" depends-on-methods="com.newtour.tests.BookFlightsTest.registrationConfirmationPageTest" finished-at="2021-02-21T09:25:43 GMT">
          <reporter-output>
          </reporter-output>
        </test-method> <!-- flightsDetailsPageTest -->
        <test-method status="PASS" signature="findFlightsPageTest()[pri:0, instance:com.newtour.tests.BookFlightsTest@4b9e13df]" name="findFlightsPageTest" duration-ms="715" started-at="2021-02-21T09:25:43 GMT" depends-on-methods="com.newtour.tests.BookFlightsTest.flightsDetailsPageTest" finished-at="2021-02-21T09:25:43 GMT">
          <reporter-output>
          </reporter-output>
        </test-method> <!-- findFlightsPageTest -->
        <test-method status="PASS" signature="printConformationPageTest()[pri:0, instance:com.newtour.tests.BookFlightsTest@4b9e13df]" name="printConformationPageTest" duration-ms="388" started-at="2021-02-21T09:25:43 GMT" depends-on-methods="com.newtour.tests.BookFlightsTest.findFlightsPageTest" finished-at="2021-02-21T09:25:44 GMT">
          <reporter-output>
          </reporter-output>
        </test-method> <!-- printConformationPageTest -->
        <test-method status="PASS" signature="quitBrowser()[pri:0, instance:com.newtour.tests.BookFlightsTest@4b9e13df]" name="quitBrowser" is-config="true" duration-ms="697" started-at="2021-02-21T09:25:44 GMT" finished-at="2021-02-21T09:25:45 GMT">
          <reporter-output>
          </reporter-output>
        </test-method> <!-- quitBrowser -->
      </class> <!-- com.newtour.tests.BookFlightsTest -->
    </test> <!-- book-flight-1 -->
    <test name="book-flight-2" duration-ms="53904" started-at="2021-02-21T09:25:03 GMT" finished-at="2021-02-21T09:25:57 GMT">
      <class name="com.newtour.tests.BookFlightsTest">
        <test-method status="PASS" signature="launchBrowser()[pri:0, instance:com.newtour.tests.BookFlightsTest@4883b407]" name="launchBrowser" is-config="true" duration-ms="44594" started-at="2021-02-21T09:25:03 GMT" finished-at="2021-02-21T09:25:48 GMT">
          <reporter-output>
          </reporter-output>
        </test-method> <!-- launchBrowser -->
        <test-method status="PASS" signature="setupParameters(java.lang.String, java.lang.String)[pri:0, instance:com.newtour.tests.BookFlightsTest@4883b407]" name="setupParameters" is-config="true" duration-ms="0" started-at="2021-02-21T09:25:48 GMT" depends-on-methods="tests.BaseTest.launchBrowser" finished-at="2021-02-21T09:25:48 GMT">
          <params>
            <param index="0">
              <value>
                <![CDATA[2]]>
              </value>
            </param>
            <param index="1">
              <value>
                <![CDATA[$1169 USD]]>
              </value>
            </param>
          </params>
          <reporter-output>
          </reporter-output>
        </test-method> <!-- setupParameters -->
        <test-method status="PASS" signature="registrationPageTest(java.lang.String, java.lang.String)[pri:0, instance:com.newtour.tests.BookFlightsTest@4883b407]" name="registrationPageTest" duration-ms="5978" started-at="2021-02-21T09:25:48 GMT" data-provider="dp_registration" finished-at="2021-02-21T09:25:54 GMT">
          <params>
            <param index="0">
              <value>
                <![CDATA[Registration parameters in main test]]>
              </value>
            </param>
            <param index="1">
              <value>
                <![CDATA[{"country":"INDIA","user_info":{"password":"password","user_name":"user_name"},"contactinfo":{"firstname":"vishnu","phone_number":"8074839733","email":"vishnu26121993@gmail.com","lastname":"vardhan"},"mail_info":{"pincode":"pincode","address":"address","city":"city","state":"state"}}]]>
              </value>
            </param>
          </params>
          <reporter-output>
          </reporter-output>
        </test-method> <!-- registrationPageTest -->
        <test-method status="PASS" signature="registrationConfirmationPageTest()[pri:0, instance:com.newtour.tests.BookFlightsTest@4883b407]" name="registrationConfirmationPageTest" duration-ms="92" started-at="2021-02-21T09:25:54 GMT" depends-on-methods="com.newtour.tests.BookFlightsTest.registrationPageTest" finished-at="2021-02-21T09:25:54 GMT">
          <reporter-output>
          </reporter-output>
        </test-method> <!-- registrationConfirmationPageTest -->
        <test-method status="PASS" signature="flightsDetailsPageTest()[pri:0, instance:com.newtour.tests.BookFlightsTest@4883b407]" name="flightsDetailsPageTest" duration-ms="1697" started-at="2021-02-21T09:25:54 GMT" depends-on-methods="com.newtour.tests.BookFlightsTest.registrationConfirmationPageTest" finished-at="2021-02-21T09:25:55 GMT">
          <reporter-output>
          </reporter-output>
        </test-method> <!-- flightsDetailsPageTest -->
        <test-method status="PASS" signature="findFlightsPageTest()[pri:0, instance:com.newtour.tests.BookFlightsTest@4883b407]" name="findFlightsPageTest" duration-ms="556" started-at="2021-02-21T09:25:55 GMT" depends-on-methods="com.newtour.tests.BookFlightsTest.flightsDetailsPageTest" finished-at="2021-02-21T09:25:56 GMT">
          <reporter-output>
          </reporter-output>
        </test-method> <!-- findFlightsPageTest -->
        <test-method status="PASS" signature="printConformationPageTest()[pri:0, instance:com.newtour.tests.BookFlightsTest@4883b407]" name="printConformationPageTest" duration-ms="428" started-at="2021-02-21T09:25:56 GMT" depends-on-methods="com.newtour.tests.BookFlightsTest.findFlightsPageTest" finished-at="2021-02-21T09:25:56 GMT">
          <reporter-output>
          </reporter-output>
        </test-method> <!-- printConformationPageTest -->
        <test-method status="PASS" signature="quitBrowser()[pri:0, instance:com.newtour.tests.BookFlightsTest@4883b407]" name="quitBrowser" is-config="true" duration-ms="552" started-at="2021-02-21T09:25:56 GMT" finished-at="2021-02-21T09:25:57 GMT">
          <reporter-output>
          </reporter-output>
        </test-method> <!-- quitBrowser -->
      </class> <!-- com.newtour.tests.BookFlightsTest -->
    </test> <!-- book-flight-2 -->
  </suite> <!-- book-flight-module -->
</testng-results>
