<?xml version="1.0" encoding="UTF-8"?>
<!-- Generated by org.testng.reporters.JUnitXMLReporter -->
<testsuite hostname="ET-C02T91MYG8WN.local" ignored="0" name="book-flight-2" tests="5" failures="0" timestamp="2021-02-16T19:06:17 IST" time="31.97" errors="0">
  <testcase name="registrationPageTest" time="8.674" classname="com.newtour.tests.BookFlightsTest"/>
  <testcase name="registrationConfirmationPageTest" time="0.121" classname="com.newtour.tests.BookFlightsTest"/>
  <testcase name="flightsDetailsPageTest" time="1.745" classname="com.newtour.tests.BookFlightsTest"/>
  <testcase name="findFlightsPageTest" time="0.601" classname="com.newtour.tests.BookFlightsTest"/>
  <testcase name="printConformationPageTest" time="0.391" classname="com.newtour.tests.BookFlightsTest"/>
</testsuite> <!-- book-flight-2 -->
